<?xml version="1.0" encoding="utf-8"?><testsuites name="pytest tests"><testsuite name="pytest" errors="0" failures="0" skipped="0" tests="16" time="5.127" timestamp="2026-02-12T18:35:42.730715+00:00" hostname="agent-env-a504ea2d-31ab-42e4-b9a1-53ccd3c12a48"><testcase classname="backend.tests.test_priority1_features.TestAuth" name="test_admin_login" time="0.390" /><testcase classname="backend.tests.test_priority1_features.TestDueDates" name="test_create_due_date" time="0.317" /><testcase classname="backend.tests.test_priority1_features.TestDueDates" name="test_get_due_dates" time="0.300" /><testcase classname="backend.tests.test_priority1_features.TestDueDates" name="test_create_and_update_due_date" time="0.375" /><testcase classname="backend.tests.test_priority1_features.TestDueDates" name="test_delete_due_date" time="0.368" /><testcase classname="backend.tests.test_priority1_features.TestUserPermissions" name="test_get_users_as_admin" time="0.300" /><testcase classname="backend.tests.test_priority1_features.TestUserPermissions" name="test_get_staff_user" time="0.312" /><testcase classname="backend.tests.test_priority1_features.TestUserPermissions" name="test_update_user_permissions" time="0.374" /><testcase classname="backend.tests.test_priority1_features.TestUserPermissions" name="test_permissions_endpoint_requires_admin" time="0.300" /><testcase classname="backend.tests.test_priority1_features.TestStaffActivity" name="test_get_activity_summary_as_admin" time="0.320" /><testcase classname="backend.tests.test_priority1_features.TestStaffActivity" name="test_log_activity" time="0.301" /><testcase classname="backend.tests.test_priority1_features.TestStaffActivity" name="test_activity_summary_requires_admin" time="0.034" /><testcase classname="backend.tests.test_priority1_features.TestRBACFiltering" name="test_admin_sees_all_due_dates" time="0.300" /><testcase classname="backend.tests.test_priority1_features.TestRBACFiltering" name="test_admin_sees_all_tasks" time="0.336" /><testcase classname="backend.tests.test_priority1_features.TestRBACFiltering" name="test_admin_sees_all_clients" time="0.297" /><testcase classname="backend.tests.test_priority1_features.TestCleanup" name="test_cleanup_test_due_dates" time="0.370" /></testsuite></testsuites>